<?xml version="1.0" encoding="UTF-8"?>
<!-- Generated by org.testng.reporters.JUnitReportReporter -->
<testsuite hostname="govinda-ryzen9" failures="0" tests="1" name="com.inetBanking.testCases.TC_AddCustomerTest_003" time="16.176" errors="0" timestamp="29 Nov 2023 00:42:39 GMT" skipped="0">
  <testcase classname="com.inetBanking.testCases.TC_AddCustomerTest_003" name="addNewCustomer" time="16.176"/>
</testsuite> <!-- com.inetBanking.testCases.TC_AddCustomerTest_003 -->
