<?xml version="1.0" encoding="UTF-8"?>
<!-- Generated by org.testng.reporters.JUnitReportReporter -->
<testsuite hostname="govinda-ryzen9" failures="0" tests="1" name="com.inetBanking.testCases.TC_LoginTest_001" time="13.114" errors="0" timestamp="27 Nov 2023 22:00:48 GMT" skipped="0">
  <testcase classname="com.inetBanking.testCases.TC_LoginTest_001" name="loginTest" time="13.114"/>
</testsuite> <!-- com.inetBanking.testCases.TC_LoginTest_001 -->
